<?xml version="1.0" encoding="UTF-8"?>
<coverage generated="1656805011462" clover="3.2.0">
  <project timestamp="1656805011462" name="All files">
    <metrics statements="342" coveredstatements="294" conditionals="122" coveredconditionals="103" methods="49" coveredmethods="40" elements="513" coveredelements="437" complexity="0" loc="342" ncloc="342" packages="23" files="23" classes="23"/>
    <package name="cwFoldArray">
      <metrics statements="21" coveredstatements="16" conditionals="8" coveredconditionals="4" methods="3" coveredmethods="2"/>
      <file name="cwFoldArray.js" path="/Users/alexolivares/Desktop/items/algos/questions/JavaScript/cwFoldArray/cwFoldArray.js">
        <metrics statements="21" coveredstatements="16" conditionals="8" coveredconditionals="4" methods="3" coveredmethods="2"/>
        <line num="42" count="1" type="stmt"/>
        <line num="43" count="24" type="stmt"/>
        <line num="44" count="24" type="stmt"/>
        <line num="45" count="24" type="stmt"/>
        <line num="47" count="24" type="stmt"/>
        <line num="48" count="26" type="stmt"/>
        <line num="49" count="26" type="stmt"/>
        <line num="50" count="26" type="stmt"/>
        <line num="53" count="24" type="cond" truecount="2" falsecount="0"/>
        <line num="55" count="24" type="stmt"/>
        <line num="59" count="24" type="stmt"/>
        <line num="61" count="24" type="cond" truecount="2" falsecount="0"/>
        <line num="63" count="14" type="stmt"/>
        <line num="64" count="14" type="stmt"/>
        <line num="72" count="1" type="stmt"/>
        <line num="73" count="0" type="stmt"/>
        <line num="75" count="0" type="stmt"/>
        <line num="77" count="0" type="stmt"/>
        <line num="78" count="0" type="cond" truecount="0" falsecount="2"/>
        <line num="81" count="0" type="cond" truecount="0" falsecount="2"/>
        <line num="84" count="1" type="stmt"/>
      </file>
    </package>
    <package name="cwPrimesInRange">
      <metrics statements="12" coveredstatements="12" conditionals="8" coveredconditionals="7" methods="2" coveredmethods="2"/>
      <file name="cwPrimesInRange.js" path="/Users/alexolivares/Desktop/items/algos/questions/JavaScript/cwPrimesInRange/cwPrimesInRange.js">
        <metrics statements="12" coveredstatements="12" conditionals="8" coveredconditionals="7" methods="2" coveredmethods="2"/>
        <line num="19" count="1" type="stmt"/>
        <line num="20" count="53" type="cond" truecount="3" falsecount="1"/>
        <line num="22" count="53" type="stmt"/>
        <line num="23" count="191" type="cond" truecount="2" falsecount="0"/>
        <line num="26" count="27" type="stmt"/>
        <line num="29" count="1" type="stmt"/>
        <line num="30" count="2" type="stmt"/>
        <line num="32" count="2" type="stmt"/>
        <line num="33" count="53" type="cond" truecount="2" falsecount="0"/>
        <line num="34" count="27" type="stmt"/>
        <line num="38" count="2" type="stmt"/>
        <line num="41" count="1" type="stmt"/>
      </file>
    </package>
    <package name="edbtCaesarsCipher">
      <metrics statements="14" coveredstatements="14" conditionals="4" coveredconditionals="4" methods="1" coveredmethods="1"/>
      <file name="edbtCaesarsCipher.js" path="/Users/alexolivares/Desktop/items/algos/questions/JavaScript/edbtCaesarsCipher/edbtCaesarsCipher.js">
        <metrics statements="14" coveredstatements="14" conditionals="4" coveredconditionals="4" methods="1" coveredmethods="1"/>
        <line num="21" count="6" type="stmt"/>
        <line num="22" count="6" type="stmt"/>
        <line num="24" count="6" type="stmt"/>
        <line num="26" count="6" type="stmt"/>
        <line num="27" count="324" type="cond" truecount="2" falsecount="0"/>
        <line num="28" count="63" type="stmt"/>
        <line num="29" count="63" type="stmt"/>
        <line num="32" count="261" type="stmt"/>
        <line num="33" count="261" type="stmt"/>
        <line num="35" count="261" type="cond" truecount="2" falsecount="0"/>
        <line num="36" count="18" type="stmt"/>
        <line num="38" count="243" type="stmt"/>
        <line num="42" count="6" type="stmt"/>
        <line num="45" count="1" type="stmt"/>
      </file>
    </package>
    <package name="edbtJakesMealTime">
      <metrics statements="14" coveredstatements="14" conditionals="12" coveredconditionals="12" methods="3" coveredmethods="3"/>
      <file name="edbtJakesMealTime.js" path="/Users/alexolivares/Desktop/items/algos/questions/JavaScript/edbtJakesMealTime/edbtJakesMealTime.js">
        <metrics statements="14" coveredstatements="14" conditionals="12" coveredconditionals="12" methods="3" coveredmethods="3"/>
        <line num="20" count="6" type="stmt"/>
        <line num="22" count="18" type="cond" truecount="2" falsecount="0"/>
        <line num="24" count="6" type="cond" truecount="4" falsecount="0"/>
        <line num="26" count="6" type="stmt"/>
        <line num="27" count="18" type="stmt"/>
        <line num="28" count="6" type="cond" truecount="2" falsecount="0"/>
        <line num="29" count="6" type="stmt"/>
        <line num="30" count="6" type="stmt"/>
        <line num="32" count="6" type="cond" truecount="2" falsecount="0"/>
        <line num="33" count="2" type="stmt"/>
        <line num="34" count="2" type="stmt"/>
        <line num="37" count="6" type="cond" truecount="2" falsecount="0"/>
        <line num="39" count="6" type="stmt"/>
        <line num="42" count="1" type="stmt"/>
      </file>
    </package>
    <package name="edbtLongestNonRepeatingSubstring">
      <metrics statements="26" coveredstatements="26" conditionals="8" coveredconditionals="8" methods="1" coveredmethods="1"/>
      <file name="edbtLongestNonRepeatingSubstring.js" path="/Users/alexolivares/Desktop/items/algos/questions/JavaScript/edbtLongestNonRepeatingSubstring/edbtLongestNonRepeatingSubstring.js">
        <metrics statements="26" coveredstatements="26" conditionals="8" coveredconditionals="8" methods="1" coveredmethods="1"/>
        <line num="22" count="17" type="stmt"/>
        <line num="23" count="17" type="stmt"/>
        <line num="24" count="17" type="stmt"/>
        <line num="25" count="17" type="stmt"/>
        <line num="27" count="17" type="stmt"/>
        <line num="28" count="17" type="stmt"/>
        <line num="30" count="17" type="cond" truecount="2" falsecount="0"/>
        <line num="31" count="17" type="stmt"/>
        <line num="33" count="17" type="stmt"/>
        <line num="34" count="370" type="cond" truecount="4" falsecount="0"/>
        <line num="35" count="152" type="stmt"/>
        <line num="36" count="152" type="stmt"/>
        <line num="37" count="152" type="stmt"/>
        <line num="38" count="152" type="stmt"/>
        <line num="39" count="152" type="stmt"/>
        <line num="40" count="152" type="stmt"/>
        <line num="42" count="370" type="stmt"/>
        <line num="43" count="370" type="stmt"/>
        <line num="46" count="17" type="stmt"/>
        <line num="47" count="17" type="stmt"/>
        <line num="48" count="17" type="stmt"/>
        <line num="49" count="152" type="cond" truecount="2" falsecount="0"/>
        <line num="50" count="24" type="stmt"/>
        <line num="51" count="24" type="stmt"/>
        <line num="55" count="17" type="stmt"/>
        <line num="58" count="1" type="stmt"/>
      </file>
    </package>
    <package name="edbtLowestNeighbor">
      <metrics statements="11" coveredstatements="11" conditionals="4" coveredconditionals="4" methods="1" coveredmethods="1"/>
      <file name="edbtLowestNeighbor.js" path="/Users/alexolivares/Desktop/items/algos/questions/JavaScript/edbtLowestNeighbor/edbtLowestNeighbor.js">
        <metrics statements="11" coveredstatements="11" conditionals="4" coveredconditionals="4" methods="1" coveredmethods="1"/>
        <line num="23" count="1" type="stmt"/>
        <line num="24" count="7" type="stmt"/>
        <line num="25" count="7" type="stmt"/>
        <line num="26" count="7" type="stmt"/>
        <line num="27" count="7" type="stmt"/>
        <line num="28" count="56" type="stmt"/>
        <line num="29" count="56" type="stmt"/>
        <line num="30" count="56" type="cond" truecount="4" falsecount="0"/>
        <line num="31" count="36" type="stmt"/>
        <line num="33" count="7" type="stmt"/>
        <line num="36" count="1" type="stmt"/>
      </file>
    </package>
    <package name="edbtMapChars">
      <metrics statements="8" coveredstatements="8" conditionals="2" coveredconditionals="2" methods="1" coveredmethods="1"/>
      <file name="edbtMapChars.js" path="/Users/alexolivares/Desktop/items/algos/questions/JavaScript/edbtMapChars/edbtMapChars.js">
        <metrics statements="8" coveredstatements="8" conditionals="2" coveredconditionals="2" methods="1" coveredmethods="1"/>
        <line num="21" count="9" type="stmt"/>
        <line num="22" count="9" type="stmt"/>
        <line num="23" count="55" type="stmt"/>
        <line num="24" count="55" type="cond" truecount="2" falsecount="0"/>
        <line num="25" count="30" type="stmt"/>
        <line num="27" count="25" type="stmt"/>
        <line num="30" count="9" type="stmt"/>
        <line num="33" count="1" type="stmt"/>
      </file>
    </package>
    <package name="edbtNumbersFirstLettersSecond">
      <metrics statements="9" coveredstatements="9" conditionals="2" coveredconditionals="2" methods="6" coveredmethods="6"/>
      <file name="edbtNumbersFirstLettersSecond.js" path="/Users/alexolivares/Desktop/items/algos/questions/JavaScript/edbtNumbersFirstLettersSecond/edbtNumbersFirstLettersSecond.js">
        <metrics statements="9" coveredstatements="9" conditionals="2" coveredconditionals="2" methods="6" coveredmethods="6"/>
        <line num="15" count="23" type="stmt"/>
        <line num="17" count="4" type="stmt"/>
        <line num="18" count="4" type="stmt"/>
        <line num="20" count="4" type="stmt"/>
        <line num="21" count="82" type="cond" truecount="2" falsecount="0"/>
        <line num="24" count="89" type="stmt"/>
        <line num="26" count="4" type="stmt"/>
        <line num="27" count="82" type="stmt"/>
        <line num="31" count="1" type="stmt"/>
      </file>
    </package>
    <package name="fccCashRegister">
      <metrics statements="30" coveredstatements="30" conditionals="14" coveredconditionals="14" methods="3" coveredmethods="3"/>
      <file name="cashRegister.js" path="/Users/alexolivares/Desktop/items/algos/questions/JavaScript/fccCashRegister/cashRegister.js">
        <metrics statements="30" coveredstatements="30" conditionals="14" coveredconditionals="14" methods="3" coveredmethods="3"/>
        <line num="33" count="5" type="stmt"/>
        <line num="45" count="5" type="stmt"/>
        <line num="47" count="5" type="stmt"/>
        <line num="49" count="5" type="stmt"/>
        <line num="51" count="5" type="stmt"/>
        <line num="53" count="45" type="stmt"/>
        <line num="56" count="5" type="cond" truecount="2" falsecount="0"/>
        <line num="59" count="4" type="stmt"/>
        <line num="64" count="4" type="stmt"/>
        <line num="65" count="36" type="stmt"/>
        <line num="66" count="36" type="stmt"/>
        <line num="68" count="36" type="cond" truecount="4" falsecount="0"/>
        <line num="69" count="10" type="stmt"/>
        <line num="71" count="10" type="cond" truecount="2" falsecount="0"/>
        <line num="72" count="70" type="stmt"/>
        <line num="73" count="70" type="stmt"/>
        <line num="74" count="70" type="stmt"/>
        <line num="77" count="10" type="stmt"/>
        <line num="78" count="10" type="stmt"/>
        <line num="80" count="10" type="cond" truecount="2" falsecount="0"/>
        <line num="81" count="3" type="stmt"/>
        <line num="82" count="3" type="stmt"/>
        <line num="89" count="16" type="cond" truecount="2" falsecount="0"/>
        <line num="90" count="1" type="stmt"/>
        <line num="91" count="1" type="stmt"/>
        <line num="92" count="1" type="stmt"/>
        <line num="96" count="3" type="cond" truecount="2" falsecount="0"/>
        <line num="97" count="1" type="stmt"/>
        <line num="100" count="3" type="stmt"/>
        <line num="103" count="1" type="stmt"/>
      </file>
    </package>
    <package name="lcBuyAndSellStock">
      <metrics statements="12" coveredstatements="12" conditionals="2" coveredconditionals="2" methods="1" coveredmethods="1"/>
      <file name="lcBuyAndSellStock.js" path="/Users/alexolivares/Desktop/items/algos/questions/JavaScript/lcBuyAndSellStock/lcBuyAndSellStock.js">
        <metrics statements="12" coveredstatements="12" conditionals="2" coveredconditionals="2" methods="1" coveredmethods="1"/>
        <line num="27" count="1" type="stmt"/>
        <line num="28" count="6" type="stmt"/>
        <line num="29" count="6" type="stmt"/>
        <line num="30" count="6" type="stmt"/>
        <line num="31" count="6" type="stmt"/>
        <line num="32" count="54" type="cond" truecount="2" falsecount="0"/>
        <line num="33" count="29" type="stmt"/>
        <line num="34" count="29" type="stmt"/>
        <line num="36" count="25" type="stmt"/>
        <line num="37" count="25" type="stmt"/>
        <line num="40" count="6" type="stmt"/>
        <line num="43" count="1" type="stmt"/>
      </file>
    </package>
    <package name="lcDefuseTheBomb">
      <metrics statements="18" coveredstatements="18" conditionals="6" coveredconditionals="6" methods="2" coveredmethods="2"/>
      <file name="lcDefuseTheBomb.js" path="/Users/alexolivares/Desktop/items/algos/questions/JavaScript/lcDefuseTheBomb/lcDefuseTheBomb.js">
        <metrics statements="18" coveredstatements="18" conditionals="6" coveredconditionals="6" methods="2" coveredmethods="2"/>
        <line num="30" count="26" type="stmt"/>
        <line num="32" count="1" type="stmt"/>
        <line num="33" count="5" type="stmt"/>
        <line num="34" count="5" type="stmt"/>
        <line num="37" count="5" type="cond" truecount="2" falsecount="0"/>
        <line num="38" count="3" type="stmt"/>
        <line num="39" count="3" type="stmt"/>
        <line num="42" count="5" type="stmt"/>
        <line num="43" count="20" type="stmt"/>
        <line num="44" count="20" type="stmt"/>
        <line num="46" count="20" type="stmt"/>
        <line num="47" count="60" type="cond" truecount="2" falsecount="0"/>
        <line num="48" count="8" type="stmt"/>
        <line num="50" count="60" type="stmt"/>
        <line num="51" count="60" type="stmt"/>
        <line num="54" count="20" type="stmt"/>
        <line num="57" count="5" type="cond" truecount="2" falsecount="0"/>
        <line num="60" count="1" type="stmt"/>
      </file>
    </package>
    <package name="lcFindMedianSortedArray">
      <metrics statements="9" coveredstatements="9" conditionals="2" coveredconditionals="2" methods="2" coveredmethods="2"/>
      <file name="lcFindMedianSortedArray.js" path="/Users/alexolivares/Desktop/items/algos/questions/JavaScript/lcFindMedianSortedArray/lcFindMedianSortedArray.js">
        <metrics statements="9" coveredstatements="9" conditionals="2" coveredconditionals="2" methods="2" coveredmethods="2"/>
        <line num="24" count="1" type="stmt"/>
        <line num="25" count="39" type="stmt"/>
        <line num="26" count="7" type="stmt"/>
        <line num="28" count="7" type="cond" truecount="2" falsecount="0"/>
        <line num="29" count="5" type="stmt"/>
        <line num="32" count="2" type="stmt"/>
        <line num="33" count="2" type="stmt"/>
        <line num="35" count="2" type="stmt"/>
        <line num="38" count="1" type="stmt"/>
      </file>
    </package>
    <package name="lcIsPalindrome">
      <metrics statements="20" coveredstatements="16" conditionals="4" coveredconditionals="2" methods="2" coveredmethods="1"/>
      <file name="lcIsPalindrome.js" path="/Users/alexolivares/Desktop/items/algos/questions/JavaScript/lcIsPalindrome/lcIsPalindrome.js">
        <metrics statements="20" coveredstatements="16" conditionals="4" coveredconditionals="2" methods="2" coveredmethods="1"/>
        <line num="20" count="1" type="stmt"/>
        <line num="21" count="18" type="stmt"/>
        <line num="22" count="18" type="stmt"/>
        <line num="24" count="18" type="stmt"/>
        <line num="25" count="18" type="stmt"/>
        <line num="27" count="18" type="stmt"/>
        <line num="28" count="56" type="stmt"/>
        <line num="29" count="18" type="stmt"/>
        <line num="32" count="56" type="stmt"/>
        <line num="33" count="10" type="stmt"/>
        <line num="36" count="56" type="cond" truecount="2" falsecount="0"/>
        <line num="38" count="50" type="stmt"/>
        <line num="39" count="50" type="stmt"/>
        <line num="42" count="12" type="stmt"/>
        <line num="49" count="1" type="stmt"/>
        <line num="50" count="0" type="stmt"/>
        <line num="52" count="0" type="cond" truecount="0" falsecount="2"/>
        <line num="54" count="0" type="stmt"/>
        <line num="56" count="0" type="stmt"/>
        <line num="59" count="1" type="stmt"/>
      </file>
    </package>
    <package name="lcKLengthApart">
      <metrics statements="10" coveredstatements="10" conditionals="8" coveredconditionals="8" methods="1" coveredmethods="1"/>
      <file name="lcKLengthApart.js" path="/Users/alexolivares/Desktop/items/algos/questions/JavaScript/lcKLengthApart/lcKLengthApart.js">
        <metrics statements="10" coveredstatements="10" conditionals="8" coveredconditionals="8" methods="1" coveredmethods="1"/>
        <line num="22" count="1" type="stmt"/>
        <line num="23" count="7" type="stmt"/>
        <line num="26" count="7" type="stmt"/>
        <line num="27" count="29" type="cond" truecount="4" falsecount="0"/>
        <line num="28" count="11" type="cond" truecount="2" falsecount="0"/>
        <line num="29" count="8" type="stmt"/>
        <line num="32" count="26" type="cond" truecount="2" falsecount="0"/>
        <line num="33" count="2" type="stmt"/>
        <line num="37" count="4" type="stmt"/>
        <line num="40" count="1" type="stmt"/>
      </file>
    </package>
    <package name="lcLongestCommonPrefix">
      <metrics statements="17" coveredstatements="9" conditionals="4" coveredconditionals="2" methods="4" coveredmethods="2"/>
      <file name="lcLongestCommonPrefix.js" path="/Users/alexolivares/Desktop/items/algos/questions/JavaScript/lcLongestCommonPrefix/lcLongestCommonPrefix.js">
        <metrics statements="17" coveredstatements="9" conditionals="4" coveredconditionals="2" methods="4" coveredmethods="2"/>
        <line num="23" count="1" type="stmt"/>
        <line num="24" count="20" type="stmt"/>
        <line num="26" count="20" type="stmt"/>
        <line num="27" count="82" type="stmt"/>
        <line num="28" count="216" type="cond" truecount="2" falsecount="0"/>
        <line num="29" count="32" type="stmt"/>
        <line num="33" count="20" type="stmt"/>
        <line num="40" count="1" type="stmt"/>
        <line num="41" count="0" type="stmt"/>
        <line num="43" count="0" type="stmt"/>
        <line num="45" count="0" type="stmt"/>
        <line num="46" count="0" type="stmt"/>
        <line num="47" count="0" type="cond" truecount="0" falsecount="2"/>
        <line num="48" count="0" type="stmt"/>
        <line num="51" count="0" type="stmt"/>
        <line num="54" count="0" type="stmt"/>
        <line num="57" count="1" type="stmt"/>
      </file>
    </package>
    <package name="lcLongestSubstringWithoutRepeating">
      <metrics statements="13" coveredstatements="13" conditionals="4" coveredconditionals="4" methods="1" coveredmethods="1"/>
      <file name="lcLongestSubstringWithoutRepeating.js" path="/Users/alexolivares/Desktop/items/algos/questions/JavaScript/lcLongestSubstringWithoutRepeating/lcLongestSubstringWithoutRepeating.js">
        <metrics statements="13" coveredstatements="13" conditionals="4" coveredconditionals="4" methods="1" coveredmethods="1"/>
        <line num="19" count="1" type="stmt"/>
        <line num="20" count="7" type="cond" truecount="2" falsecount="0"/>
        <line num="22" count="6" type="stmt"/>
        <line num="23" count="6" type="stmt"/>
        <line num="24" count="6" type="stmt"/>
        <line num="26" count="6" type="stmt"/>
        <line num="27" count="64" type="cond" truecount="2" falsecount="0"/>
        <line num="28" count="37" type="stmt"/>
        <line num="29" count="37" type="stmt"/>
        <line num="31" count="27" type="stmt"/>
        <line num="33" count="64" type="stmt"/>
        <line num="36" count="6" type="stmt"/>
        <line num="39" count="1" type="stmt"/>
      </file>
    </package>
    <package name="lcMaxPower">
      <metrics statements="17" coveredstatements="7" conditionals="4" coveredconditionals="2" methods="3" coveredmethods="2"/>
      <file name="maxContSubstring.js" path="/Users/alexolivares/Desktop/items/algos/questions/JavaScript/lcMaxPower/maxContSubstring.js">
        <metrics statements="17" coveredstatements="7" conditionals="4" coveredconditionals="2" methods="3" coveredmethods="2"/>
        <line num="15" count="1" type="stmt"/>
        <line num="16" count="0" type="stmt"/>
        <line num="17" count="0" type="stmt"/>
        <line num="18" count="0" type="stmt"/>
        <line num="20" count="0" type="stmt"/>
        <line num="21" count="0" type="cond" truecount="0" falsecount="2"/>
        <line num="22" count="0" type="stmt"/>
        <line num="24" count="0" type="stmt"/>
        <line num="25" count="0" type="stmt"/>
        <line num="27" count="0" type="stmt"/>
        <line num="30" count="0" type="stmt"/>
        <line num="37" count="1" type="stmt"/>
        <line num="38" count="10" type="stmt"/>
        <line num="39" count="10" type="cond" truecount="2" falsecount="0"/>
        <line num="40" count="18" type="stmt"/>
        <line num="43" count="1" type="stmt"/>
        <line num="44" count="1" type="stmt"/>
      </file>
    </package>
    <package name="lcMoveZeros">
      <metrics statements="13" coveredstatements="13" conditionals="8" coveredconditionals="8" methods="1" coveredmethods="1"/>
      <file name="lcMoveZeros.js" path="/Users/alexolivares/Desktop/items/algos/questions/JavaScript/lcMoveZeros/lcMoveZeros.js">
        <metrics statements="13" coveredstatements="13" conditionals="8" coveredconditionals="8" methods="1" coveredmethods="1"/>
        <line num="22" count="1" type="stmt"/>
        <line num="23" count="5" type="stmt"/>
        <line num="24" count="5" type="stmt"/>
        <line num="25" count="5" type="stmt"/>
        <line num="26" count="20" type="cond" truecount="4" falsecount="0"/>
        <line num="27" count="8" type="stmt"/>
        <line num="28" count="12" type="cond" truecount="4" falsecount="0"/>
        <line num="29" count="8" type="stmt"/>
        <line num="30" count="8" type="stmt"/>
        <line num="32" count="12" type="stmt"/>
        <line num="33" count="12" type="stmt"/>
        <line num="35" count="5" type="stmt"/>
        <line num="38" count="1" type="stmt"/>
      </file>
    </package>
    <package name="lcRegExpMatching">
      <metrics statements="6" coveredstatements="6" conditionals="2" coveredconditionals="2" methods="1" coveredmethods="1"/>
      <file name="lcRegExpMatching.js" path="/Users/alexolivares/Desktop/items/algos/questions/JavaScript/lcRegExpMatching/lcRegExpMatching.js">
        <metrics statements="6" coveredstatements="6" conditionals="2" coveredconditionals="2" methods="1" coveredmethods="1"/>
        <line num="28" count="1" type="stmt"/>
        <line num="29" count="8" type="stmt"/>
        <line num="31" count="8" type="stmt"/>
        <line num="33" count="8" type="cond" truecount="2" falsecount="0"/>
        <line num="35" count="6" type="stmt"/>
        <line num="38" count="1" type="stmt"/>
      </file>
    </package>
    <package name="lcReverseOnlyLetters">
      <metrics statements="21" coveredstatements="11" conditionals="6" coveredconditionals="2" methods="2" coveredmethods="1"/>
      <file name="lcReverseOnlyLetters.js" path="/Users/alexolivares/Desktop/items/algos/questions/JavaScript/lcReverseOnlyLetters/lcReverseOnlyLetters.js">
        <metrics statements="21" coveredstatements="11" conditionals="6" coveredconditionals="2" methods="2" coveredmethods="1"/>
        <line num="18" count="1" type="stmt"/>
        <line num="19" count="0" type="stmt"/>
        <line num="20" count="0" type="stmt"/>
        <line num="21" count="0" type="stmt"/>
        <line num="22" count="0" type="cond" truecount="0" falsecount="2"/>
        <line num="23" count="0" type="stmt"/>
        <line num="24" count="0" type="stmt"/>
        <line num="28" count="0" type="stmt"/>
        <line num="29" count="0" type="cond" truecount="0" falsecount="2"/>
        <line num="30" count="0" type="stmt"/>
        <line num="33" count="0" type="stmt"/>
        <line num="40" count="1" type="stmt"/>
        <line num="41" count="10" type="stmt"/>
        <line num="42" count="10" type="stmt"/>
        <line num="43" count="10" type="stmt"/>
        <line num="44" count="10" type="stmt"/>
        <line num="45" count="104" type="cond" truecount="2" falsecount="0"/>
        <line num="46" count="78" type="stmt"/>
        <line num="49" count="10" type="stmt"/>
        <line num="52" count="1" type="stmt"/>
        <line num="53" count="1" type="stmt"/>
      </file>
    </package>
    <package name="lcTopKFrequentElements">
      <metrics statements="10" coveredstatements="10" conditionals="2" coveredconditionals="2" methods="2" coveredmethods="2"/>
      <file name="lcTopKFrequentElements.js" path="/Users/alexolivares/Desktop/items/algos/questions/JavaScript/lcTopKFrequentElements/lcTopKFrequentElements.js">
        <metrics statements="10" coveredstatements="10" conditionals="2" coveredconditionals="2" methods="2" coveredmethods="2"/>
        <line num="21" count="1" type="stmt"/>
        <line num="22" count="3" type="stmt"/>
        <line num="24" count="3" type="stmt"/>
        <line num="25" count="18" type="cond" truecount="2" falsecount="0"/>
        <line num="28" count="11" type="stmt"/>
        <line num="30" count="3" type="stmt"/>
        <line num="32" count="3" type="stmt"/>
        <line num="33" count="6" type="stmt"/>
        <line num="36" count="3" type="stmt"/>
        <line num="39" count="1" type="stmt"/>
      </file>
    </package>
    <package name="lcValidAnagram">
      <metrics statements="13" coveredstatements="6" conditionals="4" coveredconditionals="0" methods="4" coveredmethods="2"/>
      <file name="lcValidAnagram.js" path="/Users/alexolivares/Desktop/items/algos/questions/JavaScript/lcValidAnagram/lcValidAnagram.js">
        <metrics statements="13" coveredstatements="6" conditionals="4" coveredconditionals="0" methods="4" coveredmethods="2"/>
        <line num="14" count="1" type="stmt"/>
        <line num="15" count="0" type="stmt"/>
        <line num="17" count="0" type="stmt"/>
        <line num="18" count="0" type="cond" truecount="0" falsecount="2"/>
        <line num="21" count="0" type="stmt"/>
        <line num="22" count="0" type="cond" truecount="0" falsecount="2"/>
        <line num="23" count="0" type="stmt"/>
        <line num="27" count="0" type="stmt"/>
        <line num="34" count="28" type="stmt"/>
        <line num="36" count="1" type="stmt"/>
        <line num="37" count="14" type="stmt"/>
        <line num="40" count="1" type="stmt"/>
        <line num="41" count="1" type="stmt"/>
      </file>
    </package>
    <package name="lcValidParens">
      <metrics statements="18" coveredstatements="14" conditionals="4" coveredconditionals="4" methods="2" coveredmethods="1"/>
      <file name="lcValidParens.js" path="/Users/alexolivares/Desktop/items/algos/questions/JavaScript/lcValidParens/lcValidParens.js">
        <metrics statements="18" coveredstatements="14" conditionals="4" coveredconditionals="4" methods="2" coveredmethods="1"/>
        <line num="25" count="1" type="stmt"/>
        <line num="26" count="16" type="stmt"/>
        <line num="27" count="16" type="stmt"/>
        <line num="28" count="16" type="stmt"/>
        <line num="29" count="16" type="stmt"/>
        <line num="31" count="16" type="stmt"/>
        <line num="33" count="16" type="stmt"/>
        <line num="34" count="60" type="cond" truecount="2" falsecount="0"/>
        <line num="35" count="32" type="stmt"/>
        <line num="37" count="28" type="cond" truecount="2" falsecount="0"/>
        <line num="38" count="4" type="stmt"/>
        <line num="43" count="12" type="stmt"/>
        <line num="50" count="1" type="stmt"/>
        <line num="51" count="0" type="stmt"/>
        <line num="52" count="0" type="stmt"/>
        <line num="53" count="0" type="stmt"/>
        <line num="55" count="0" type="stmt"/>
        <line num="58" count="1" type="stmt"/>
      </file>
    </package>
  </project>
</coverage>
