<?xml version="1.0" encoding="UTF-8"?>
<coverage generated="1628470282200" clover="3.2.0">
  <project timestamp="1628470282201" name="All files">
    <metrics statements="35" coveredstatements="35" conditionals="14" coveredconditionals="14" methods="3" coveredmethods="3" elements="52" coveredelements="52" complexity="0" loc="35" ncloc="35" packages="1" files="1" classes="1"/>
    <file name="cashRegister.js" path="/Users/alexolivares/Desktop/items/algos/questions/JavaScript/fccCashRegister/cashRegister.js">
      <metrics statements="35" coveredstatements="35" conditionals="14" coveredconditionals="14" methods="3" coveredmethods="3"/>
      <line num="33" count="10" type="stmt"/>
      <line num="45" count="10" type="stmt"/>
      <line num="47" count="10" type="stmt"/>
      <line num="49" count="10" type="stmt"/>
      <line num="51" count="10" type="stmt"/>
      <line num="53" count="90" type="stmt"/>
      <line num="56" count="10" type="cond" truecount="2" falsecount="0"/>
      <line num="59" count="8" type="stmt"/>
      <line num="64" count="8" type="stmt"/>
      <line num="65" count="72" type="stmt"/>
      <line num="66" count="72" type="stmt"/>
      <line num="68" count="72" type="cond" truecount="4" falsecount="0"/>
      <line num="69" count="20" type="stmt"/>
      <line num="71" count="20" type="cond" truecount="2" falsecount="0"/>
      <line num="72" count="140" type="stmt"/>
      <line num="73" count="140" type="stmt"/>
      <line num="74" count="140" type="stmt"/>
      <line num="77" count="20" type="stmt"/>
      <line num="78" count="20" type="stmt"/>
      <line num="80" count="20" type="cond" truecount="2" falsecount="0"/>
      <line num="81" count="6" type="stmt"/>
      <line num="82" count="6" type="stmt"/>
      <line num="89" count="32" type="cond" truecount="2" falsecount="0"/>
      <line num="90" count="2" type="stmt"/>
      <line num="91" count="2" type="stmt"/>
      <line num="92" count="2" type="stmt"/>
      <line num="96" count="6" type="cond" truecount="2" falsecount="0"/>
      <line num="97" count="2" type="stmt"/>
      <line num="100" count="6" type="stmt"/>
      <line num="105" count="1" type="stmt"/>
      <line num="119" count="1" type="stmt"/>
      <line num="133" count="1" type="stmt"/>
      <line num="147" count="1" type="stmt"/>
      <line num="161" count="1" type="stmt"/>
      <line num="175" count="1" type="stmt"/>
    </file>
  </project>
</coverage>
