{"/Users/alexolivares/Desktop/items/algos/questions/JavaScript/fccCashRegister/cashRegister.js": {"path":"/Users/alexolivares/Desktop/items/algos/questions/JavaScript/fccCashRegister/cashRegister.js","statementMap":{"0":{"start":{"line":33,"column":16},"end":{"line":43,"column":3}},"1":{"start":{"line":45,"column":18},"end":{"line":45,"column":49}},"2":{"start":{"line":47,"column":2},"end":{"line":47,"column":22}},"3":{"start":{"line":49,"column":15},"end":{"line":49,"column":35}},"4":{"start":{"line":51,"column":18},"end":{"line":51,"column":44}},"5":{"start":{"line":53,"column":20},"end":{"line":53,"column":65}},"6":{"start":{"line":53,"column":42},"end":{"line":53,"column":50}},"7":{"start":{"line":56,"column":2},"end":{"line":56,"column":67}},"8":{"start":{"line":56,"column":29},"end":{"line":56,"column":67}},"9":{"start":{"line":59,"column":18},"end":{"line":59,"column":20}},"10":{"start":{"line":64,"column":2},"end":{"line":85,"column":3}},"11":{"start":{"line":64,"column":15},"end":{"line":64,"column":16}},"12":{"start":{"line":65,"column":23},"end":{"line":65,"column":39}},"13":{"start":{"line":66,"column":31},"end":{"line":66,"column":40}},"14":{"start":{"line":68,"column":4},"end":{"line":84,"column":5}},"15":{"start":{"line":69,"column":27},"end":{"line":69,"column":41}},"16":{"start":{"line":71,"column":6},"end":{"line":75,"column":7}},"17":{"start":{"line":72,"column":8},"end":{"line":72,"column":34}},"18":{"start":{"line":73,"column":8},"end":{"line":73,"column":59}},"19":{"start":{"line":74,"column":8},"end":{"line":74,"column":42}},"20":{"start":{"line":77,"column":6},"end":{"line":77,"column":44}},"21":{"start":{"line":78,"column":6},"end":{"line":78,"column":37}},"22":{"start":{"line":80,"column":6},"end":{"line":83,"column":7}},"23":{"start":{"line":81,"column":8},"end":{"line":81,"column":22}},"24":{"start":{"line":82,"column":8},"end":{"line":82,"column":24}},"25":{"start":{"line":89,"column":2},"end":{"line":93,"column":3}},"26":{"start":{"line":89,"column":21},"end":{"line":89,"column":31}},"27":{"start":{"line":90,"column":4},"end":{"line":90,"column":24}},"28":{"start":{"line":91,"column":4},"end":{"line":91,"column":22}},"29":{"start":{"line":92,"column":4},"end":{"line":92,"column":47}},"30":{"start":{"line":96,"column":2},"end":{"line":98,"column":3}},"31":{"start":{"line":97,"column":4},"end":{"line":97,"column":19}},"32":{"start":{"line":100,"column":2},"end":{"line":100,"column":47}},"33":{"start":{"line":105,"column":0},"end":{"line":117,"column":2}},"34":{"start":{"line":119,"column":0},"end":{"line":131,"column":2}},"35":{"start":{"line":133,"column":0},"end":{"line":145,"column":2}},"36":{"start":{"line":147,"column":0},"end":{"line":159,"column":2}},"37":{"start":{"line":161,"column":0},"end":{"line":173,"column":2}},"38":{"start":{"line":175,"column":0},"end":{"line":175,"column":35}}},"fnMap":{"0":{"name":"checkCashRegister","decl":{"start":{"line":32,"column":9},"end":{"line":32,"column":26}},"loc":{"start":{"line":32,"column":45},"end":{"line":101,"column":1}},"line":32},"1":{"name":"(anonymous_1)","decl":{"start":{"line":53,"column":32},"end":{"line":53,"column":33}},"loc":{"start":{"line":53,"column":42},"end":{"line":53,"column":50}},"line":53},"2":{"name":"(anonymous_2)","decl":{"start":{"line":89,"column":16},"end":{"line":89,"column":17}},"loc":{"start":{"line":89,"column":21},"end":{"line":89,"column":31}},"line":89}},"branchMap":{"0":{"loc":{"start":{"line":56,"column":2},"end":{"line":56,"column":67}},"type":"if","locations":[{"start":{"line":56,"column":2},"end":{"line":56,"column":67}},{"start":{"line":56,"column":2},"end":{"line":56,"column":67}}],"line":56},"1":{"loc":{"start":{"line":68,"column":4},"end":{"line":84,"column":5}},"type":"if","locations":[{"start":{"line":68,"column":4},"end":{"line":84,"column":5}},{"start":{"line":68,"column":4},"end":{"line":84,"column":5}}],"line":68},"2":{"loc":{"start":{"line":68,"column":8},"end":{"line":68,"column":60}},"type":"binary-expr","locations":[{"start":{"line":68,"column":8},"end":{"line":68,"column":32}},{"start":{"line":68,"column":36},"end":{"line":68,"column":60}}],"line":68},"3":{"loc":{"start":{"line":71,"column":13},"end":{"line":71,"column":67}},"type":"binary-expr","locations":[{"start":{"line":71,"column":13},"end":{"line":71,"column":50}},{"start":{"line":71,"column":54},"end":{"line":71,"column":67}}],"line":71},"4":{"loc":{"start":{"line":80,"column":6},"end":{"line":83,"column":7}},"type":"if","locations":[{"start":{"line":80,"column":6},"end":{"line":83,"column":7}},{"start":{"line":80,"column":6},"end":{"line":83,"column":7}}],"line":80},"5":{"loc":{"start":{"line":89,"column":2},"end":{"line":93,"column":3}},"type":"if","locations":[{"start":{"line":89,"column":2},"end":{"line":93,"column":3}},{"start":{"line":89,"column":2},"end":{"line":93,"column":3}}],"line":89},"6":{"loc":{"start":{"line":96,"column":2},"end":{"line":98,"column":3}},"type":"if","locations":[{"start":{"line":96,"column":2},"end":{"line":98,"column":3}},{"start":{"line":96,"column":2},"end":{"line":98,"column":3}}],"line":96}},"s":{"0":10,"1":10,"2":10,"3":10,"4":10,"5":10,"6":90,"7":10,"8":2,"9":8,"10":8,"11":8,"12":72,"13":72,"14":72,"15":20,"16":20,"17":140,"18":140,"19":140,"20":20,"21":20,"22":20,"23":6,"24":6,"25":8,"26":32,"27":2,"28":2,"29":2,"30":6,"31":2,"32":6,"33":1,"34":1,"35":1,"36":1,"37":1,"38":1},"f":{"0":10,"1":90,"2":32},"b":{"0":[2,8],"1":[20,52],"2":[72,32],"3":[160,146],"4":[6,14],"5":[2,6],"6":[2,4]},"_coverageSchema":"1a1c01bbd47fc00a2c39e90264f33305004495a9","hash":"9cc5582808531bfc36fdcabd65829bd480d28c7a"}
}
