{"/Users/alexolivares/Desktop/items/algos/questions/JavaScript/fccCashRegister/cashRegister.js": {"path":"/Users/alexolivares/Desktop/items/algos/questions/JavaScript/fccCashRegister/cashRegister.js","statementMap":{"0":{"start":{"line":33,"column":16},"end":{"line":43,"column":3}},"1":{"start":{"line":45,"column":18},"end":{"line":45,"column":49}},"2":{"start":{"line":47,"column":2},"end":{"line":47,"column":22}},"3":{"start":{"line":49,"column":15},"end":{"line":49,"column":35}},"4":{"start":{"line":51,"column":18},"end":{"line":51,"column":44}},"5":{"start":{"line":53,"column":20},"end":{"line":53,"column":65}},"6":{"start":{"line":53,"column":42},"end":{"line":53,"column":50}},"7":{"start":{"line":56,"column":2},"end":{"line":56,"column":67}},"8":{"start":{"line":56,"column":29},"end":{"line":56,"column":67}},"9":{"start":{"line":59,"column":18},"end":{"line":59,"column":20}},"10":{"start":{"line":64,"column":2},"end":{"line":85,"column":3}},"11":{"start":{"line":64,"column":15},"end":{"line":64,"column":16}},"12":{"start":{"line":65,"column":23},"end":{"line":65,"column":39}},"13":{"start":{"line":66,"column":31},"end":{"line":66,"column":40}},"14":{"start":{"line":68,"column":4},"end":{"line":84,"column":5}},"15":{"start":{"line":69,"column":27},"end":{"line":69,"column":41}},"16":{"start":{"line":71,"column":6},"end":{"line":75,"column":7}},"17":{"start":{"line":72,"column":8},"end":{"line":72,"column":34}},"18":{"start":{"line":73,"column":8},"end":{"line":73,"column":59}},"19":{"start":{"line":74,"column":8},"end":{"line":74,"column":42}},"20":{"start":{"line":77,"column":6},"end":{"line":77,"column":44}},"21":{"start":{"line":78,"column":6},"end":{"line":78,"column":37}},"22":{"start":{"line":80,"column":6},"end":{"line":83,"column":7}},"23":{"start":{"line":81,"column":8},"end":{"line":81,"column":22}},"24":{"start":{"line":82,"column":8},"end":{"line":82,"column":24}},"25":{"start":{"line":89,"column":2},"end":{"line":93,"column":3}},"26":{"start":{"line":89,"column":21},"end":{"line":89,"column":31}},"27":{"start":{"line":90,"column":4},"end":{"line":90,"column":24}},"28":{"start":{"line":91,"column":4},"end":{"line":91,"column":22}},"29":{"start":{"line":92,"column":4},"end":{"line":92,"column":47}},"30":{"start":{"line":96,"column":2},"end":{"line":98,"column":3}},"31":{"start":{"line":97,"column":4},"end":{"line":97,"column":19}},"32":{"start":{"line":100,"column":2},"end":{"line":100,"column":47}},"33":{"start":{"line":103,"column":0},"end":{"line":103,"column":35}}},"fnMap":{"0":{"name":"checkCashRegister","decl":{"start":{"line":32,"column":9},"end":{"line":32,"column":26}},"loc":{"start":{"line":32,"column":45},"end":{"line":101,"column":1}},"line":32},"1":{"name":"(anonymous_1)","decl":{"start":{"line":53,"column":32},"end":{"line":53,"column":33}},"loc":{"start":{"line":53,"column":42},"end":{"line":53,"column":50}},"line":53},"2":{"name":"(anonymous_2)","decl":{"start":{"line":89,"column":16},"end":{"line":89,"column":17}},"loc":{"start":{"line":89,"column":21},"end":{"line":89,"column":31}},"line":89}},"branchMap":{"0":{"loc":{"start":{"line":56,"column":2},"end":{"line":56,"column":67}},"type":"if","locations":[{"start":{"line":56,"column":2},"end":{"line":56,"column":67}},{"start":{"line":56,"column":2},"end":{"line":56,"column":67}}],"line":56},"1":{"loc":{"start":{"line":68,"column":4},"end":{"line":84,"column":5}},"type":"if","locations":[{"start":{"line":68,"column":4},"end":{"line":84,"column":5}},{"start":{"line":68,"column":4},"end":{"line":84,"column":5}}],"line":68},"2":{"loc":{"start":{"line":68,"column":8},"end":{"line":68,"column":60}},"type":"binary-expr","locations":[{"start":{"line":68,"column":8},"end":{"line":68,"column":32}},{"start":{"line":68,"column":36},"end":{"line":68,"column":60}}],"line":68},"3":{"loc":{"start":{"line":71,"column":13},"end":{"line":71,"column":67}},"type":"binary-expr","locations":[{"start":{"line":71,"column":13},"end":{"line":71,"column":50}},{"start":{"line":71,"column":54},"end":{"line":71,"column":67}}],"line":71},"4":{"loc":{"start":{"line":80,"column":6},"end":{"line":83,"column":7}},"type":"if","locations":[{"start":{"line":80,"column":6},"end":{"line":83,"column":7}},{"start":{"line":80,"column":6},"end":{"line":83,"column":7}}],"line":80},"5":{"loc":{"start":{"line":89,"column":2},"end":{"line":93,"column":3}},"type":"if","locations":[{"start":{"line":89,"column":2},"end":{"line":93,"column":3}},{"start":{"line":89,"column":2},"end":{"line":93,"column":3}}],"line":89},"6":{"loc":{"start":{"line":96,"column":2},"end":{"line":98,"column":3}},"type":"if","locations":[{"start":{"line":96,"column":2},"end":{"line":98,"column":3}},{"start":{"line":96,"column":2},"end":{"line":98,"column":3}}],"line":96}},"s":{"0":5,"1":5,"2":5,"3":5,"4":5,"5":5,"6":45,"7":5,"8":1,"9":4,"10":4,"11":4,"12":36,"13":36,"14":36,"15":10,"16":10,"17":70,"18":70,"19":70,"20":10,"21":10,"22":10,"23":3,"24":3,"25":4,"26":16,"27":1,"28":1,"29":1,"30":3,"31":1,"32":3,"33":1},"f":{"0":5,"1":45,"2":16},"b":{"0":[1,4],"1":[10,26],"2":[36,16],"3":[80,73],"4":[3,7],"5":[1,3],"6":[1,2]},"_coverageSchema":"1a1c01bbd47fc00a2c39e90264f33305004495a9","hash":"b2d95265828189958fda20ffb981c5b58ec57061"}
,"/Users/alexolivares/Desktop/items/algos/questions/JavaScript/lcDefuseTheBomb/lcDefuseTheBomb.js": {"path":"/Users/alexolivares/Desktop/items/algos/questions/JavaScript/lcDefuseTheBomb/lcDefuseTheBomb.js","statementMap":{"0":{"start":{"line":30,"column":15},"end":{"line":30,"column":58}},"1":{"start":{"line":30,"column":22},"end":{"line":30,"column":58}},"2":{"start":{"line":32,"column":16},"end":{"line":58,"column":1}},"3":{"start":{"line":33,"column":14},"end":{"line":33,"column":16}},"4":{"start":{"line":34,"column":19},"end":{"line":34,"column":24}},"5":{"start":{"line":37,"column":2},"end":{"line":40,"column":3}},"6":{"start":{"line":38,"column":4},"end":{"line":38,"column":34}},"7":{"start":{"line":39,"column":4},"end":{"line":39,"column":22}},"8":{"start":{"line":42,"column":2},"end":{"line":55,"column":3}},"9":{"start":{"line":42,"column":15},"end":{"line":42,"column":16}},"10":{"start":{"line":43,"column":14},"end":{"line":43,"column":15}},"11":{"start":{"line":44,"column":4},"end":{"line":44,"column":24}},"12":{"start":{"line":46,"column":4},"end":{"line":52,"column":5}},"13":{"start":{"line":46,"column":17},"end":{"line":46,"column":18}},"14":{"start":{"line":46,"column":27},"end":{"line":46,"column":28}},"15":{"start":{"line":47,"column":6},"end":{"line":49,"column":7}},"16":{"start":{"line":48,"column":8},"end":{"line":48,"column":17}},"17":{"start":{"line":50,"column":6},"end":{"line":50,"column":24}},"18":{"start":{"line":51,"column":6},"end":{"line":51,"column":13}},"19":{"start":{"line":54,"column":4},"end":{"line":54,"column":18}},"20":{"start":{"line":57,"column":2},"end":{"line":57,"column":50}},"21":{"start":{"line":60,"column":0},"end":{"line":60,"column":25}}},"fnMap":{"0":{"name":"(anonymous_0)","decl":{"start":{"line":30,"column":15},"end":{"line":30,"column":16}},"loc":{"start":{"line":30,"column":22},"end":{"line":30,"column":58}},"line":30},"1":{"name":"(anonymous_1)","decl":{"start":{"line":32,"column":16},"end":{"line":32,"column":17}},"loc":{"start":{"line":32,"column":29},"end":{"line":58,"column":1}},"line":32}},"branchMap":{"0":{"loc":{"start":{"line":37,"column":2},"end":{"line":40,"column":3}},"type":"if","locations":[{"start":{"line":37,"column":2},"end":{"line":40,"column":3}},{"start":{"line":37,"column":2},"end":{"line":40,"column":3}}],"line":37},"1":{"loc":{"start":{"line":47,"column":6},"end":{"line":49,"column":7}},"type":"if","locations":[{"start":{"line":47,"column":6},"end":{"line":49,"column":7}},{"start":{"line":47,"column":6},"end":{"line":49,"column":7}}],"line":47},"2":{"loc":{"start":{"line":57,"column":9},"end":{"line":57,"column":49}},"type":"cond-expr","locations":[{"start":{"line":57,"column":22},"end":{"line":57,"column":43}},{"start":{"line":57,"column":46},"end":{"line":57,"column":49}}],"line":57}},"s":{"0":1,"1":26,"2":1,"3":5,"4":5,"5":5,"6":3,"7":3,"8":5,"9":5,"10":20,"11":20,"12":20,"13":20,"14":20,"15":60,"16":8,"17":60,"18":60,"19":20,"20":5,"21":1},"f":{"0":26,"1":5},"b":{"0":[3,2],"1":[8,52],"2":[3,2]},"_coverageSchema":"1a1c01bbd47fc00a2c39e90264f33305004495a9","hash":"ddc44b3f392fb1fd1601da66aefa05b5f5d8deee"}
,"/Users/alexolivares/Desktop/items/algos/questions/JavaScript/lcFindMedianSortedArray/lcFindMedianSortedArray.js": {"path":"/Users/alexolivares/Desktop/items/algos/questions/JavaScript/lcFindMedianSortedArray/lcFindMedianSortedArray.js","statementMap":{"0":{"start":{"line":24,"column":31},"end":{"line":36,"column":1}},"1":{"start":{"line":25,"column":17},"end":{"line":25,"column":59}},"2":{"start":{"line":25,"column":53},"end":{"line":25,"column":58}},"3":{"start":{"line":26,"column":14},"end":{"line":26,"column":27}},"4":{"start":{"line":28,"column":2},"end":{"line":30,"column":3}},"5":{"start":{"line":29,"column":4},"end":{"line":29,"column":39}},"6":{"start":{"line":32,"column":21},"end":{"line":32,"column":44}},"7":{"start":{"line":33,"column":21},"end":{"line":33,"column":28}},"8":{"start":{"line":35,"column":2},"end":{"line":35,"column":55}},"9":{"start":{"line":38,"column":0},"end":{"line":38,"column":40}}},"fnMap":{"0":{"name":"(anonymous_0)","decl":{"start":{"line":24,"column":31},"end":{"line":24,"column":32}},"loc":{"start":{"line":24,"column":49},"end":{"line":36,"column":1}},"line":24},"1":{"name":"(anonymous_1)","decl":{"start":{"line":25,"column":43},"end":{"line":25,"column":44}},"loc":{"start":{"line":25,"column":53},"end":{"line":25,"column":58}},"line":25}},"branchMap":{"0":{"loc":{"start":{"line":28,"column":2},"end":{"line":30,"column":3}},"type":"if","locations":[{"start":{"line":28,"column":2},"end":{"line":30,"column":3}},{"start":{"line":28,"column":2},"end":{"line":30,"column":3}}],"line":28}},"s":{"0":1,"1":7,"2":39,"3":7,"4":7,"5":5,"6":2,"7":2,"8":2,"9":1},"f":{"0":7,"1":39},"b":{"0":[5,2]},"_coverageSchema":"1a1c01bbd47fc00a2c39e90264f33305004495a9","hash":"bfe56e17c78d268f11b10247fa748124744ed339"}
,"/Users/alexolivares/Desktop/items/algos/questions/JavaScript/lcKLengthApart/lcKLengthApart.js": {"path":"/Users/alexolivares/Desktop/items/algos/questions/JavaScript/lcKLengthApart/lcKLengthApart.js","statementMap":{"0":{"start":{"line":22,"column":21},"end":{"line":38,"column":1}},"1":{"start":{"line":23,"column":13},"end":{"line":23,"column":14}},"2":{"start":{"line":26,"column":2},"end":{"line":35,"column":3}},"3":{"start":{"line":26,"column":15},"end":{"line":26,"column":16}},"4":{"start":{"line":27,"column":4},"end":{"line":30,"column":5}},"5":{"start":{"line":28,"column":6},"end":{"line":28,"column":38}},"6":{"start":{"line":28,"column":25},"end":{"line":28,"column":38}},"7":{"start":{"line":29,"column":6},"end":{"line":29,"column":15}},"8":{"start":{"line":32,"column":4},"end":{"line":34,"column":5}},"9":{"start":{"line":33,"column":6},"end":{"line":33,"column":13}},"10":{"start":{"line":37,"column":2},"end":{"line":37,"column":14}},"11":{"start":{"line":40,"column":0},"end":{"line":40,"column":30}}},"fnMap":{"0":{"name":"(anonymous_0)","decl":{"start":{"line":22,"column":21},"end":{"line":22,"column":22}},"loc":{"start":{"line":22,"column":34},"end":{"line":38,"column":1}},"line":22}},"branchMap":{"0":{"loc":{"start":{"line":27,"column":4},"end":{"line":30,"column":5}},"type":"if","locations":[{"start":{"line":27,"column":4},"end":{"line":30,"column":5}},{"start":{"line":27,"column":4},"end":{"line":30,"column":5}}],"line":27},"1":{"loc":{"start":{"line":27,"column":8},"end":{"line":27,"column":41}},"type":"binary-expr","locations":[{"start":{"line":27,"column":8},"end":{"line":27,"column":24}},{"start":{"line":27,"column":28},"end":{"line":27,"column":41}}],"line":27},"2":{"loc":{"start":{"line":28,"column":6},"end":{"line":28,"column":38}},"type":"if","locations":[{"start":{"line":28,"column":6},"end":{"line":28,"column":38}},{"start":{"line":28,"column":6},"end":{"line":28,"column":38}}],"line":28},"3":{"loc":{"start":{"line":32,"column":4},"end":{"line":34,"column":5}},"type":"if","locations":[{"start":{"line":32,"column":4},"end":{"line":34,"column":5}},{"start":{"line":32,"column":4},"end":{"line":34,"column":5}}],"line":32}},"s":{"0":1,"1":7,"2":7,"3":7,"4":29,"5":11,"6":3,"7":8,"8":26,"9":2,"10":4,"11":1},"f":{"0":7},"b":{"0":[11,18],"1":[29,27],"2":[3,8],"3":[2,24]},"_coverageSchema":"1a1c01bbd47fc00a2c39e90264f33305004495a9","hash":"abd4c70b31f9a8346ed7536a9067d1cd06ccc863"}
,"/Users/alexolivares/Desktop/items/algos/questions/JavaScript/lcLongestSubstringWithoutRepeating/lcLongestSubstringWithoutRepeating.js": {"path":"/Users/alexolivares/Desktop/items/algos/questions/JavaScript/lcLongestSubstringWithoutRepeating/lcLongestSubstringWithoutRepeating.js","statementMap":{"0":{"start":{"line":19,"column":33},"end":{"line":37,"column":1}},"1":{"start":{"line":20,"column":2},"end":{"line":20,"column":19}},"2":{"start":{"line":20,"column":10},"end":{"line":20,"column":19}},"3":{"start":{"line":22,"column":19},"end":{"line":22,"column":20}},"4":{"start":{"line":23,"column":17},"end":{"line":23,"column":23}},"5":{"start":{"line":24,"column":10},"end":{"line":24,"column":11}},"6":{"start":{"line":26,"column":2},"end":{"line":34,"column":3}},"7":{"start":{"line":27,"column":4},"end":{"line":32,"column":5}},"8":{"start":{"line":28,"column":6},"end":{"line":28,"column":26}},"9":{"start":{"line":29,"column":6},"end":{"line":29,"column":10}},"10":{"start":{"line":31,"column":6},"end":{"line":31,"column":23}},"11":{"start":{"line":33,"column":4},"end":{"line":33,"column":55}},"12":{"start":{"line":36,"column":2},"end":{"line":36,"column":20}},"13":{"start":{"line":39,"column":0},"end":{"line":39,"column":42}}},"fnMap":{"0":{"name":"(anonymous_0)","decl":{"start":{"line":19,"column":33},"end":{"line":19,"column":34}},"loc":{"start":{"line":19,"column":38},"end":{"line":37,"column":1}},"line":19}},"branchMap":{"0":{"loc":{"start":{"line":20,"column":2},"end":{"line":20,"column":19}},"type":"if","locations":[{"start":{"line":20,"column":2},"end":{"line":20,"column":19}},{"start":{"line":20,"column":2},"end":{"line":20,"column":19}}],"line":20},"1":{"loc":{"start":{"line":27,"column":4},"end":{"line":32,"column":5}},"type":"if","locations":[{"start":{"line":27,"column":4},"end":{"line":32,"column":5}},{"start":{"line":27,"column":4},"end":{"line":32,"column":5}}],"line":27}},"s":{"0":1,"1":7,"2":1,"3":6,"4":6,"5":6,"6":6,"7":64,"8":37,"9":37,"10":27,"11":64,"12":6,"13":1},"f":{"0":7},"b":{"0":[1,6],"1":[37,27]},"_coverageSchema":"1a1c01bbd47fc00a2c39e90264f33305004495a9","hash":"03eae5615ca91f8429b67461ef91b58bcefee506"}
,"/Users/alexolivares/Desktop/items/algos/questions/JavaScript/lcMaxPower/maxContSubstring.js": {"path":"/Users/alexolivares/Desktop/items/algos/questions/JavaScript/lcMaxPower/maxContSubstring.js","statementMap":{"0":{"start":{"line":15,"column":17},"end":{"line":31,"column":1}},"1":{"start":{"line":16,"column":16},"end":{"line":16,"column":17}},"2":{"start":{"line":17,"column":23},"end":{"line":17,"column":24}},"3":{"start":{"line":18,"column":19},"end":{"line":18,"column":20}},"4":{"start":{"line":20,"column":2},"end":{"line":28,"column":3}},"5":{"start":{"line":21,"column":4},"end":{"line":26,"column":5}},"6":{"start":{"line":22,"column":6},"end":{"line":22,"column":21}},"7":{"start":{"line":24,"column":6},"end":{"line":24,"column":19}},"8":{"start":{"line":25,"column":6},"end":{"line":25,"column":60}},"9":{"start":{"line":27,"column":4},"end":{"line":27,"column":14}},"10":{"start":{"line":30,"column":2},"end":{"line":30,"column":24}},"11":{"start":{"line":37,"column":22},"end":{"line":41,"column":1}},"12":{"start":{"line":38,"column":37},"end":{"line":38,"column":58}},"13":{"start":{"line":39,"column":2},"end":{"line":39,"column":44}},"14":{"start":{"line":39,"column":35},"end":{"line":39,"column":44}},"15":{"start":{"line":40,"column":2},"end":{"line":40,"column":76}},"16":{"start":{"line":40,"column":61},"end":{"line":40,"column":73}},"17":{"start":{"line":43,"column":0},"end":{"line":43,"column":26}},"18":{"start":{"line":44,"column":0},"end":{"line":44,"column":31}}},"fnMap":{"0":{"name":"(anonymous_0)","decl":{"start":{"line":15,"column":17},"end":{"line":15,"column":18}},"loc":{"start":{"line":15,"column":22},"end":{"line":31,"column":1}},"line":15},"1":{"name":"(anonymous_1)","decl":{"start":{"line":37,"column":22},"end":{"line":37,"column":23}},"loc":{"start":{"line":37,"column":27},"end":{"line":41,"column":1}},"line":37},"2":{"name":"(anonymous_2)","decl":{"start":{"line":40,"column":52},"end":{"line":40,"column":53}},"loc":{"start":{"line":40,"column":61},"end":{"line":40,"column":73}},"line":40}},"branchMap":{"0":{"loc":{"start":{"line":21,"column":4},"end":{"line":26,"column":5}},"type":"if","locations":[{"start":{"line":21,"column":4},"end":{"line":26,"column":5}},{"start":{"line":21,"column":4},"end":{"line":26,"column":5}}],"line":21},"1":{"loc":{"start":{"line":39,"column":2},"end":{"line":39,"column":44}},"type":"if","locations":[{"start":{"line":39,"column":2},"end":{"line":39,"column":44}},{"start":{"line":39,"column":2},"end":{"line":39,"column":44}}],"line":39}},"s":{"0":1,"1":0,"2":0,"3":0,"4":0,"5":0,"6":0,"7":0,"8":0,"9":0,"10":0,"11":1,"12":10,"13":10,"14":2,"15":8,"16":18,"17":1,"18":1},"f":{"0":0,"1":10,"2":18},"b":{"0":[0,0],"1":[2,8]},"_coverageSchema":"1a1c01bbd47fc00a2c39e90264f33305004495a9","hash":"e4c85a00e99736d5cb1174cb1563b6a448624330"}
,"/Users/alexolivares/Desktop/items/algos/questions/JavaScript/lcRegExpMatching/lcRegExpMatching.js": {"path":"/Users/alexolivares/Desktop/items/algos/questions/JavaScript/lcRegExpMatching/lcRegExpMatching.js","statementMap":{"0":{"start":{"line":28,"column":16},"end":{"line":36,"column":1}},"1":{"start":{"line":29,"column":12},"end":{"line":29,"column":30}},"2":{"start":{"line":31,"column":14},"end":{"line":31,"column":26}},"3":{"start":{"line":33,"column":2},"end":{"line":33,"column":27}},"4":{"start":{"line":33,"column":14},"end":{"line":33,"column":27}},"5":{"start":{"line":35,"column":2},"end":{"line":35,"column":24}},"6":{"start":{"line":38,"column":0},"end":{"line":38,"column":25}}},"fnMap":{"0":{"name":"(anonymous_0)","decl":{"start":{"line":28,"column":16},"end":{"line":28,"column":17}},"loc":{"start":{"line":28,"column":26},"end":{"line":36,"column":1}},"line":28}},"branchMap":{"0":{"loc":{"start":{"line":33,"column":2},"end":{"line":33,"column":27}},"type":"if","locations":[{"start":{"line":33,"column":2},"end":{"line":33,"column":27}},{"start":{"line":33,"column":2},"end":{"line":33,"column":27}}],"line":33}},"s":{"0":1,"1":8,"2":8,"3":8,"4":2,"5":6,"6":1},"f":{"0":8},"b":{"0":[2,6]},"_coverageSchema":"1a1c01bbd47fc00a2c39e90264f33305004495a9","hash":"44875f9408473bec2dd9dc06ab59f498e1116cdd"}
,"/Users/alexolivares/Desktop/items/algos/questions/JavaScript/lcReverseOnlyLetters/lcReverseOnlyLetters.js": {"path":"/Users/alexolivares/Desktop/items/algos/questions/JavaScript/lcReverseOnlyLetters/lcReverseOnlyLetters.js","statementMap":{"0":{"start":{"line":18,"column":27},"end":{"line":34,"column":1}},"1":{"start":{"line":19,"column":12},"end":{"line":19,"column":23}},"2":{"start":{"line":20,"column":16},"end":{"line":20,"column":18}},"3":{"start":{"line":21,"column":2},"end":{"line":26,"column":3}},"4":{"start":{"line":21,"column":15},"end":{"line":21,"column":16}},"5":{"start":{"line":22,"column":4},"end":{"line":25,"column":5}},"6":{"start":{"line":23,"column":6},"end":{"line":23,"column":25}},"7":{"start":{"line":24,"column":6},"end":{"line":24,"column":19}},"8":{"start":{"line":28,"column":2},"end":{"line":32,"column":3}},"9":{"start":{"line":28,"column":15},"end":{"line":28,"column":16}},"10":{"start":{"line":29,"column":4},"end":{"line":31,"column":5}},"11":{"start":{"line":30,"column":6},"end":{"line":30,"column":29}},"12":{"start":{"line":33,"column":2},"end":{"line":33,"column":22}},"13":{"start":{"line":40,"column":28},"end":{"line":50,"column":1}},"14":{"start":{"line":41,"column":14},"end":{"line":41,"column":37}},"15":{"start":{"line":42,"column":18},"end":{"line":42,"column":30}},"16":{"start":{"line":43,"column":19},"end":{"line":43,"column":48}},"17":{"start":{"line":44,"column":2},"end":{"line":48,"column":3}},"18":{"start":{"line":44,"column":15},"end":{"line":44,"column":16}},"19":{"start":{"line":45,"column":4},"end":{"line":47,"column":5}},"20":{"start":{"line":46,"column":6},"end":{"line":46,"column":36}},"21":{"start":{"line":49,"column":2},"end":{"line":49,"column":29}},"22":{"start":{"line":52,"column":0},"end":{"line":52,"column":36}},"23":{"start":{"line":53,"column":0},"end":{"line":53,"column":37}}},"fnMap":{"0":{"name":"(anonymous_0)","decl":{"start":{"line":18,"column":27},"end":{"line":18,"column":28}},"loc":{"start":{"line":18,"column":32},"end":{"line":34,"column":1}},"line":18},"1":{"name":"(anonymous_1)","decl":{"start":{"line":40,"column":28},"end":{"line":40,"column":29}},"loc":{"start":{"line":40,"column":33},"end":{"line":50,"column":1}},"line":40}},"branchMap":{"0":{"loc":{"start":{"line":22,"column":4},"end":{"line":25,"column":5}},"type":"if","locations":[{"start":{"line":22,"column":4},"end":{"line":25,"column":5}},{"start":{"line":22,"column":4},"end":{"line":25,"column":5}}],"line":22},"1":{"loc":{"start":{"line":29,"column":4},"end":{"line":31,"column":5}},"type":"if","locations":[{"start":{"line":29,"column":4},"end":{"line":31,"column":5}},{"start":{"line":29,"column":4},"end":{"line":31,"column":5}}],"line":29},"2":{"loc":{"start":{"line":45,"column":4},"end":{"line":47,"column":5}},"type":"if","locations":[{"start":{"line":45,"column":4},"end":{"line":47,"column":5}},{"start":{"line":45,"column":4},"end":{"line":47,"column":5}}],"line":45}},"s":{"0":1,"1":0,"2":0,"3":0,"4":0,"5":0,"6":0,"7":0,"8":0,"9":0,"10":0,"11":0,"12":0,"13":1,"14":10,"15":10,"16":10,"17":10,"18":10,"19":104,"20":78,"21":10,"22":1,"23":1},"f":{"0":0,"1":10},"b":{"0":[0,0],"1":[0,0],"2":[78,26]},"_coverageSchema":"1a1c01bbd47fc00a2c39e90264f33305004495a9","hash":"cda0c947a5517bc9c1de104e01fddcb5c1e76b80"}
,"/Users/alexolivares/Desktop/items/algos/questions/JavaScript/lcValidAnagram/lcValidAnagram.js": {"path":"/Users/alexolivares/Desktop/items/algos/questions/JavaScript/lcValidAnagram/lcValidAnagram.js","statementMap":{"0":{"start":{"line":14,"column":16},"end":{"line":28,"column":1}},"1":{"start":{"line":15,"column":12},"end":{"line":15,"column":21}},"2":{"start":{"line":17,"column":2},"end":{"line":19,"column":3}},"3":{"start":{"line":18,"column":4},"end":{"line":18,"column":36}},"4":{"start":{"line":21,"column":2},"end":{"line":24,"column":3}},"5":{"start":{"line":22,"column":4},"end":{"line":22,"column":34}},"6":{"start":{"line":22,"column":21},"end":{"line":22,"column":34}},"7":{"start":{"line":23,"column":4},"end":{"line":23,"column":31}},"8":{"start":{"line":27,"column":2},"end":{"line":27,"column":60}},"9":{"start":{"line":27,"column":48},"end":{"line":27,"column":58}},"10":{"start":{"line":34,"column":15},"end":{"line":34,"column":51}},"11":{"start":{"line":34,"column":22},"end":{"line":34,"column":51}},"12":{"start":{"line":36,"column":17},"end":{"line":38,"column":1}},"13":{"start":{"line":37,"column":2},"end":{"line":37,"column":33}},"14":{"start":{"line":40,"column":0},"end":{"line":40,"column":27}},"15":{"start":{"line":41,"column":0},"end":{"line":41,"column":28}}},"fnMap":{"0":{"name":"(anonymous_0)","decl":{"start":{"line":14,"column":16},"end":{"line":14,"column":17}},"loc":{"start":{"line":14,"column":32},"end":{"line":28,"column":1}},"line":14},"1":{"name":"(anonymous_1)","decl":{"start":{"line":27,"column":40},"end":{"line":27,"column":41}},"loc":{"start":{"line":27,"column":48},"end":{"line":27,"column":58}},"line":27},"2":{"name":"(anonymous_2)","decl":{"start":{"line":34,"column":15},"end":{"line":34,"column":16}},"loc":{"start":{"line":34,"column":22},"end":{"line":34,"column":51}},"line":34},"3":{"name":"(anonymous_3)","decl":{"start":{"line":36,"column":17},"end":{"line":36,"column":18}},"loc":{"start":{"line":36,"column":33},"end":{"line":38,"column":1}},"line":36}},"branchMap":{"0":{"loc":{"start":{"line":18,"column":15},"end":{"line":18,"column":34}},"type":"binary-expr","locations":[{"start":{"line":18,"column":15},"end":{"line":18,"column":29}},{"start":{"line":18,"column":33},"end":{"line":18,"column":34}}],"line":18},"1":{"loc":{"start":{"line":22,"column":4},"end":{"line":22,"column":34}},"type":"if","locations":[{"start":{"line":22,"column":4},"end":{"line":22,"column":34}},{"start":{"line":22,"column":4},"end":{"line":22,"column":34}}],"line":22}},"s":{"0":1,"1":0,"2":0,"3":0,"4":0,"5":0,"6":0,"7":0,"8":0,"9":0,"10":1,"11":28,"12":1,"13":14,"14":1,"15":1},"f":{"0":0,"1":0,"2":28,"3":14},"b":{"0":[0,0],"1":[0,0]},"_coverageSchema":"1a1c01bbd47fc00a2c39e90264f33305004495a9","hash":"f66b823025a0e88bfe19b03cf9fa7b3d0e0f3740"}
}
