TN:
SF:questions/JavaScript/fccCashRegister/cashRegister.js
FN:32,checkCashRegister
FN:53,(anonymous_1)
FN:89,(anonymous_2)
FNF:3
FNH:3
FNDA:10,checkCashRegister
FNDA:90,(anonymous_1)
FNDA:32,(anonymous_2)
DA:33,10
DA:45,10
DA:47,10
DA:49,10
DA:51,10
DA:53,90
DA:56,10
DA:59,8
DA:64,8
DA:65,72
DA:66,72
DA:68,72
DA:69,20
DA:71,20
DA:72,140
DA:73,140
DA:74,140
DA:77,20
DA:78,20
DA:80,20
DA:81,6
DA:82,6
DA:89,32
DA:90,2
DA:91,2
DA:92,2
DA:96,6
DA:97,2
DA:100,6
DA:105,1
DA:119,1
DA:133,1
DA:147,1
DA:161,1
DA:175,1
LF:35
LH:35
BRDA:56,0,0,2
BRDA:56,0,1,8
BRDA:68,1,0,20
BRDA:68,1,1,52
BRDA:68,2,0,72
BRDA:68,2,1,32
BRDA:71,3,0,160
BRDA:71,3,1,146
BRDA:80,4,0,6
BRDA:80,4,1,14
BRDA:89,5,0,2
BRDA:89,5,1,6
BRDA:96,6,0,2
BRDA:96,6,1,4
BRF:14
BRH:14
end_of_record
TN:
SF:questions/JavaScript/lcMaxPower/maxContSubstring.js
FN:15,(anonymous_0)
FN:37,(anonymous_1)
FN:40,(anonymous_2)
FNF:3
FNH:2
FNDA:0,(anonymous_0)
FNDA:10,(anonymous_1)
FNDA:18,(anonymous_2)
DA:15,1
DA:16,0
DA:17,0
DA:18,0
DA:20,0
DA:21,0
DA:22,0
DA:24,0
DA:25,0
DA:27,0
DA:30,0
DA:37,1
DA:38,10
DA:39,10
DA:40,18
DA:43,1
DA:44,1
LF:17
LH:7
BRDA:21,0,0,0
BRDA:21,0,1,0
BRDA:39,1,0,2
BRDA:39,1,1,8
BRF:4
BRH:2
end_of_record
TN:
SF:questions/JavaScript/lcReverseOnlyLetters/lcReverseOnlyLetters.js
FN:18,(anonymous_0)
FN:40,(anonymous_1)
FNF:2
FNH:1
FNDA:0,(anonymous_0)
FNDA:10,(anonymous_1)
DA:18,1
DA:19,0
DA:20,0
DA:21,0
DA:22,0
DA:23,0
DA:24,0
DA:28,0
DA:29,0
DA:30,0
DA:33,0
DA:40,1
DA:41,10
DA:42,10
DA:43,10
DA:44,10
DA:45,104
DA:46,78
DA:49,10
DA:52,1
DA:53,1
LF:21
LH:11
BRDA:22,0,0,0
BRDA:22,0,1,0
BRDA:29,1,0,0
BRDA:29,1,1,0
BRDA:45,2,0,78
BRDA:45,2,1,26
BRF:6
BRH:2
end_of_record
TN:
SF:questions/JavaScript/lsValidAnagram/lcValidAnagram.js
FN:14,(anonymous_0)
FN:27,(anonymous_1)
FN:34,(anonymous_2)
FN:36,(anonymous_3)
FNF:4
FNH:2
FNDA:0,(anonymous_0)
FNDA:0,(anonymous_1)
FNDA:28,(anonymous_2)
FNDA:14,(anonymous_3)
DA:14,1
DA:15,0
DA:17,0
DA:18,0
DA:21,0
DA:22,0
DA:23,0
DA:27,0
DA:34,28
DA:36,1
DA:37,14
DA:40,1
DA:41,1
LF:13
LH:6
BRDA:18,0,0,0
BRDA:18,0,1,0
BRDA:22,1,0,0
BRDA:22,1,1,0
BRF:4
BRH:0
end_of_record
