TN:
SF:questions/JavaScript/cwPrimesInRange/cwPrimesInRange.js
FN:19,(anonymous_0)
FN:29,(anonymous_1)
FNF:2
FNH:2
FNDA:53,(anonymous_0)
FNDA:2,(anonymous_1)
DA:19,1
DA:20,53
DA:22,53
DA:23,191
DA:26,27
DA:29,1
DA:30,2
DA:32,2
DA:33,53
DA:34,27
DA:38,2
DA:41,1
LF:12
LH:12
BRDA:20,0,0,0
BRDA:20,0,1,53
BRDA:20,1,0,53
BRDA:20,1,1,53
BRDA:23,2,0,26
BRDA:23,2,1,165
BRDA:33,3,0,27
BRDA:33,3,1,26
BRF:8
BRH:7
end_of_record
TN:
SF:questions/JavaScript/edbtMapChars/edbtMapChars.js
FN:20,mapLetters
FNF:1
FNH:1
FNDA:9,mapLetters
DA:21,9
DA:22,9
DA:23,55
DA:24,55
DA:25,30
DA:27,25
DA:30,9
DA:33,1
LF:8
LH:8
BRDA:24,0,0,30
BRDA:24,0,1,25
BRF:2
BRH:2
end_of_record
TN:
SF:questions/JavaScript/fccCashRegister/cashRegister.js
FN:32,checkCashRegister
FN:53,(anonymous_1)
FN:89,(anonymous_2)
FNF:3
FNH:3
FNDA:5,checkCashRegister
FNDA:45,(anonymous_1)
FNDA:16,(anonymous_2)
DA:33,5
DA:45,5
DA:47,5
DA:49,5
DA:51,5
DA:53,45
DA:56,5
DA:59,4
DA:64,4
DA:65,36
DA:66,36
DA:68,36
DA:69,10
DA:71,10
DA:72,70
DA:73,70
DA:74,70
DA:77,10
DA:78,10
DA:80,10
DA:81,3
DA:82,3
DA:89,16
DA:90,1
DA:91,1
DA:92,1
DA:96,3
DA:97,1
DA:100,3
DA:103,1
LF:30
LH:30
BRDA:56,0,0,1
BRDA:56,0,1,4
BRDA:68,1,0,10
BRDA:68,1,1,26
BRDA:68,2,0,36
BRDA:68,2,1,16
BRDA:71,3,0,80
BRDA:71,3,1,73
BRDA:80,4,0,3
BRDA:80,4,1,7
BRDA:89,5,0,1
BRDA:89,5,1,3
BRDA:96,6,0,1
BRDA:96,6,1,2
BRF:14
BRH:14
end_of_record
TN:
SF:questions/JavaScript/lcDefuseTheBomb/lcDefuseTheBomb.js
FN:30,(anonymous_0)
FN:32,(anonymous_1)
FNF:2
FNH:2
FNDA:26,(anonymous_0)
FNDA:5,(anonymous_1)
DA:30,26
DA:32,1
DA:33,5
DA:34,5
DA:37,5
DA:38,3
DA:39,3
DA:42,5
DA:43,20
DA:44,20
DA:46,20
DA:47,60
DA:48,8
DA:50,60
DA:51,60
DA:54,20
DA:57,5
DA:60,1
LF:18
LH:18
BRDA:37,0,0,3
BRDA:37,0,1,2
BRDA:47,1,0,8
BRDA:47,1,1,52
BRDA:57,2,0,3
BRDA:57,2,1,2
BRF:6
BRH:6
end_of_record
TN:
SF:questions/JavaScript/lcFindMedianSortedArray/lcFindMedianSortedArray.js
FN:24,(anonymous_0)
FN:25,(anonymous_1)
FNF:2
FNH:2
FNDA:7,(anonymous_0)
FNDA:39,(anonymous_1)
DA:24,1
DA:25,39
DA:26,7
DA:28,7
DA:29,5
DA:32,2
DA:33,2
DA:35,2
DA:38,1
LF:9
LH:9
BRDA:28,0,0,5
BRDA:28,0,1,2
BRF:2
BRH:2
end_of_record
TN:
SF:questions/JavaScript/lcIsPalindrome/lcIsPalindrome.js
FN:20,(anonymous_0)
FN:49,(anonymous_1)
FNF:2
FNH:1
FNDA:18,(anonymous_0)
FNDA:0,(anonymous_1)
DA:20,1
DA:21,18
DA:22,18
DA:24,18
DA:25,18
DA:27,18
DA:28,56
DA:29,18
DA:32,56
DA:33,10
DA:36,56
DA:38,50
DA:39,50
DA:42,12
DA:49,1
DA:50,0
DA:52,0
DA:54,0
DA:56,0
DA:59,1
LF:20
LH:16
BRDA:36,0,0,6
BRDA:36,0,1,50
BRDA:52,1,0,0
BRDA:52,1,1,0
BRF:4
BRH:2
end_of_record
TN:
SF:questions/JavaScript/lcKLengthApart/lcKLengthApart.js
FN:22,(anonymous_0)
FNF:1
FNH:1
FNDA:7,(anonymous_0)
DA:22,1
DA:23,7
DA:26,7
DA:27,29
DA:28,11
DA:29,8
DA:32,26
DA:33,2
DA:37,4
DA:40,1
LF:10
LH:10
BRDA:27,0,0,11
BRDA:27,0,1,18
BRDA:27,1,0,29
BRDA:27,1,1,27
BRDA:28,2,0,3
BRDA:28,2,1,8
BRDA:32,3,0,2
BRDA:32,3,1,24
BRF:8
BRH:8
end_of_record
TN:
SF:questions/JavaScript/lcLongestCommonPrefix/lcLongestCommonPrefix.js
FN:23,(anonymous_0)
FN:28,(anonymous_1)
FN:40,(anonymous_2)
FN:41,(anonymous_3)
FNF:4
FNH:2
FNDA:20,(anonymous_0)
FNDA:216,(anonymous_1)
FNDA:0,(anonymous_2)
FNDA:0,(anonymous_3)
DA:23,1
DA:24,20
DA:26,20
DA:27,82
DA:28,216
DA:29,32
DA:33,20
DA:40,1
DA:41,0
DA:43,0
DA:45,0
DA:46,0
DA:47,0
DA:48,0
DA:51,0
DA:54,0
DA:57,1
LF:17
LH:9
BRDA:28,0,0,32
BRDA:28,0,1,50
BRDA:47,1,0,0
BRDA:47,1,1,0
BRF:4
BRH:2
end_of_record
TN:
SF:questions/JavaScript/lcLongestSubstringWithoutRepeating/lcLongestSubstringWithoutRepeating.js
FN:19,(anonymous_0)
FNF:1
FNH:1
FNDA:7,(anonymous_0)
DA:19,1
DA:20,7
DA:22,6
DA:23,6
DA:24,6
DA:26,6
DA:27,64
DA:28,37
DA:29,37
DA:31,27
DA:33,64
DA:36,6
DA:39,1
LF:13
LH:13
BRDA:20,0,0,1
BRDA:20,0,1,6
BRDA:27,1,0,37
BRDA:27,1,1,27
BRF:4
BRH:4
end_of_record
TN:
SF:questions/JavaScript/lcMaxPower/maxContSubstring.js
FN:15,(anonymous_0)
FN:37,(anonymous_1)
FN:40,(anonymous_2)
FNF:3
FNH:2
FNDA:0,(anonymous_0)
FNDA:10,(anonymous_1)
FNDA:18,(anonymous_2)
DA:15,1
DA:16,0
DA:17,0
DA:18,0
DA:20,0
DA:21,0
DA:22,0
DA:24,0
DA:25,0
DA:27,0
DA:30,0
DA:37,1
DA:38,10
DA:39,10
DA:40,18
DA:43,1
DA:44,1
LF:17
LH:7
BRDA:21,0,0,0
BRDA:21,0,1,0
BRDA:39,1,0,2
BRDA:39,1,1,8
BRF:4
BRH:2
end_of_record
TN:
SF:questions/JavaScript/lcMoveZeros/lcMoveZeros.js
FN:22,(anonymous_0)
FNF:1
FNH:1
FNDA:5,(anonymous_0)
DA:22,1
DA:23,5
DA:24,5
DA:25,5
DA:26,20
DA:27,8
DA:28,12
DA:29,8
DA:30,8
DA:32,12
DA:33,12
DA:35,5
DA:38,1
LF:13
LH:13
BRDA:26,0,0,8
BRDA:26,0,1,12
BRDA:26,1,0,20
BRDA:26,1,1,16
BRDA:28,2,0,8
BRDA:28,2,1,4
BRDA:28,3,0,12
BRDA:28,3,1,8
BRF:8
BRH:8
end_of_record
TN:
SF:questions/JavaScript/lcRegExpMatching/lcRegExpMatching.js
FN:28,(anonymous_0)
FNF:1
FNH:1
FNDA:8,(anonymous_0)
DA:28,1
DA:29,8
DA:31,8
DA:33,8
DA:35,6
DA:38,1
LF:6
LH:6
BRDA:33,0,0,2
BRDA:33,0,1,6
BRF:2
BRH:2
end_of_record
TN:
SF:questions/JavaScript/lcReverseOnlyLetters/lcReverseOnlyLetters.js
FN:18,(anonymous_0)
FN:40,(anonymous_1)
FNF:2
FNH:1
FNDA:0,(anonymous_0)
FNDA:10,(anonymous_1)
DA:18,1
DA:19,0
DA:20,0
DA:21,0
DA:22,0
DA:23,0
DA:24,0
DA:28,0
DA:29,0
DA:30,0
DA:33,0
DA:40,1
DA:41,10
DA:42,10
DA:43,10
DA:44,10
DA:45,104
DA:46,78
DA:49,10
DA:52,1
DA:53,1
LF:21
LH:11
BRDA:22,0,0,0
BRDA:22,0,1,0
BRDA:29,1,0,0
BRDA:29,1,1,0
BRDA:45,2,0,78
BRDA:45,2,1,26
BRF:6
BRH:2
end_of_record
TN:
SF:questions/JavaScript/lcValidAnagram/lcValidAnagram.js
FN:14,(anonymous_0)
FN:27,(anonymous_1)
FN:34,(anonymous_2)
FN:36,(anonymous_3)
FNF:4
FNH:2
FNDA:0,(anonymous_0)
FNDA:0,(anonymous_1)
FNDA:28,(anonymous_2)
FNDA:14,(anonymous_3)
DA:14,1
DA:15,0
DA:17,0
DA:18,0
DA:21,0
DA:22,0
DA:23,0
DA:27,0
DA:34,28
DA:36,1
DA:37,14
DA:40,1
DA:41,1
LF:13
LH:6
BRDA:18,0,0,0
BRDA:18,0,1,0
BRDA:22,1,0,0
BRDA:22,1,1,0
BRF:4
BRH:0
end_of_record
TN:
SF:questions/JavaScript/lcValidParens/lcValidParens.js
FN:25,(anonymous_0)
FN:50,(anonymous_1)
FNF:2
FNH:1
FNDA:16,(anonymous_0)
FNDA:0,(anonymous_1)
DA:25,1
DA:26,16
DA:27,16
DA:28,16
DA:29,16
DA:31,16
DA:33,16
DA:34,60
DA:35,32
DA:37,28
DA:38,4
DA:43,12
DA:50,1
DA:51,0
DA:52,0
DA:53,0
DA:55,0
DA:58,1
LF:18
LH:14
BRDA:34,0,0,32
BRDA:34,0,1,28
BRDA:37,1,0,4
BRDA:37,1,1,24
BRF:4
BRH:4
end_of_record
